<?xml version="1.0" encoding="UTF-8"?>
<!-- Generated by org.testng.reporters.JUnitXMLReporter -->
<testsuite ignored="0" hostname="DESKTOP-F68MLNQ" failures="0" tests="4" name="Default test" time="6.614" errors="0" timestamp="2020-12-23T19:04:26 IST">
  <testcase classname="ApiTest.ApiDemo.RestApiTests" name="deleteDemo" time="2.826"/>
  <testcase classname="ApiTest.ApiDemo.RestApiTests" name="getDemo" time="0.425"/>
  <testcase classname="ApiTest.ApiDemo.RestApiTests" name="postDemo" time="0.964"/>
  <testcase classname="ApiTest.ApiDemo.RestApiTests" name="putDemo" time="0.591"/>
</testsuite> <!-- Default test -->
